<?xml version="1.0" encoding="UTF-8"?>
<testng-results ignored="0" total="1" passed="1" failed="0" skipped="0">
  <reporter-output>
  </reporter-output>
  <suite started-at="2025-03-18T17:00:39 IST" name="Default suite" finished-at="2025-03-18T17:00:42 IST" duration-ms="2726">
    <groups>
    </groups>
    <test started-at="2025-03-18T17:00:39 IST" name="Default test" finished-at="2025-03-18T17:00:42 IST" duration-ms="2726">
      <class name="example.JSONSchemaValidator">
        <test-method signature="testGet()[pri:0, instance:example.JSONSchemaValidator@139982de]" started-at="2025-03-18T17:00:39 IST" name="testGet" finished-at="2025-03-18T17:00:42 IST" duration-ms="2676" status="PASS">
          <reporter-output>
          </reporter-output>
        </test-method> <!-- testGet -->
      </class> <!-- example.JSONSchemaValidator -->
    </test> <!-- Default test -->
  </suite> <!-- Default suite -->
</testng-results>
